load customers csv
delete customer
load customers csv
load customers csv
load customers csv
delete customer
load customers csv
load customers csv
delete customer
load customers csv
load customers csv
load customers csv
load customers csv
load cust csv
load customers csv
load cust csv
load customers csv
load cust csv
load customers csv
load cust csv
load customers csv
load cust csv
add customer
add customer
load customers csv
load cust csv
delete customer
load customers csv
load cust csv
delete customer
load customers csv
load cust csv
add customer
load customers csv
load cust csv
delete customer
load customers csv
load cust csv
add customer
load customers csv
load cust csv
load customers csv
load cust csv
delete customer
load customers csv
load cust csv
add parcel
load customers csv
load parcels csv
add parcel
load customers csv
load parcels csv
parcel status changed to done
calculate fee
calculate fee
calculate fee
calculate fee
calculate fee
calculate fee
calculate fee
calculate fee
calculate fee
calculate fee
calculate fee
calculate fee
calculate fee
calculate fee
calculate fee
calculate fee
calculate fee
calculate fee
calculate fee
calculate fee
add parcel
load customers csv
load parcels csv
load customers csv
load parcels csv
load customers csv
load parcels csv
load customers csv
load parcels csv
add parcel
load customers csv
load parcels csv
load customers csv
load parcels csv
parcel status changed to done
calculate fee
parcel status changed to done
load customers csv
load parcels csv
load customers csv
load parcels csv
load customers csv
load parcels csv
add parcel
load customers csv
load parcels csv
add parcel
load customers csv
load parcels csv
parcel status changed to done
calculate fee
load customers csv
load parcels csv
load customers csv
load parcels csv
parcel status changed to done
calculate fee
load customers csv
load parcels csv
